<?xml version="1.0" encoding="UTF-8"?>
<!-- Generated by org.testng.reporters.JUnitReportReporter -->
<testsuite hostname="ITEM-S138736" failures="0" tests="1" name="excelDriven" time="2.971" errors="0" timestamp="2024-02-25T12:08:34 IST" skipped="0">
  <testcase classname="excelDriven" name="addPlace" time="2.971"/>
</testsuite> <!-- excelDriven -->
