<?xml version="1.0" encoding="UTF-8"?>
<!-- Generated by org.testng.reporters.JUnitReportReporter -->
<testsuite hostname="ITEM-S138736" failures="0" tests="1" name="dataDrive" time="0.576" errors="0" timestamp="2024-02-24T15:54:38 IST" skipped="0">
  <testcase classname="dataDrive" name="excelDriven" time="0.576"/>
</testsuite> <!-- dataDrive -->
